2021-03-01 16:21:49.849  INFO 14724 --- [restartedMain] com.example.demo.DemoApplication         : Starting DemoApplication using Java 1.8.0_251 on LAPTOP-ID59VAE0 with PID 14724 (D:\demo\target\classes started by 86176 in D:\demo)
2021-03-01 16:21:49.852  INFO 14724 --- [restartedMain] com.example.demo.DemoApplication         : The following profiles are active: dev
2021-03-01 16:21:49.885  INFO 14724 --- [restartedMain] .e.DevToolsPropertyDefaultsPostProcessor : Devtools property defaults active! Set 'spring.devtools.add-properties' to 'false' to disable
2021-03-01 16:21:49.885  INFO 14724 --- [restartedMain] .e.DevToolsPropertyDefaultsPostProcessor : For additional web related logging consider setting the 'logging.level.web' property to 'DEBUG'
2021-03-01 16:21:50.475  INFO 14724 --- [restartedMain] o.s.b.w.embedded.tomcat.TomcatWebServer  : Tomcat initialized with port(s): 8081 (http)
2021-03-01 16:21:50.481  INFO 14724 --- [restartedMain] o.apache.catalina.core.StandardService   : Starting service [Tomcat]
2021-03-01 16:21:50.481  INFO 14724 --- [restartedMain] org.apache.catalina.core.StandardEngine  : Starting Servlet engine: [Apache Tomcat/9.0.43]
2021-03-01 16:21:50.484  INFO 14724 --- [restartedMain] o.a.catalina.core.AprLifecycleListener   : Loaded Apache Tomcat Native library [1.2.25] using APR version [1.7.0].
2021-03-01 16:21:50.484  INFO 14724 --- [restartedMain] o.a.catalina.core.AprLifecycleListener   : APR capabilities: IPv6 [true], sendfile [true], accept filters [false], random [true].
2021-03-01 16:21:50.484  INFO 14724 --- [restartedMain] o.a.catalina.core.AprLifecycleListener   : APR/OpenSSL configuration: useAprConnector [false], useOpenSSL [true]
2021-03-01 16:21:50.487  INFO 14724 --- [restartedMain] o.a.catalina.core.AprLifecycleListener   : OpenSSL successfully initialized [OpenSSL 1.1.1g  21 Apr 2020]
2021-03-01 16:21:50.529  INFO 14724 --- [restartedMain] o.a.c.c.C.[Tomcat].[localhost].[/]       : Initializing Spring embedded WebApplicationContext
2021-03-01 16:21:50.529  INFO 14724 --- [restartedMain] w.s.c.ServletWebServerApplicationContext : Root WebApplicationContext: initialization completed in 644 ms
2021-03-01 16:21:50.647  INFO 14724 --- [restartedMain] o.s.s.concurrent.ThreadPoolTaskExecutor  : Initializing ExecutorService 'applicationTaskExecutor'
2021-03-01 16:21:50.779  INFO 14724 --- [restartedMain] o.s.b.d.a.OptionalLiveReloadServer       : LiveReload server is running on port 35729
2021-03-01 16:21:50.803  INFO 14724 --- [restartedMain] o.s.b.w.embedded.tomcat.TomcatWebServer  : Tomcat started on port(s): 8081 (http) with context path ''
2021-03-01 16:21:50.812  INFO 14724 --- [restartedMain] com.example.demo.DemoApplication         : Started DemoApplication in 1.241 seconds (JVM running for 1.77)
2021-03-01 16:21:56.811  INFO 14724 --- [http-nio-8081-exec-1] o.a.c.c.C.[Tomcat].[localhost].[/]       : Initializing Spring DispatcherServlet 'dispatcherServlet'
2021-03-01 16:21:56.812  INFO 14724 --- [http-nio-8081-exec-1] o.s.web.servlet.DispatcherServlet        : Initializing Servlet 'dispatcherServlet'
2021-03-01 16:21:56.813  INFO 14724 --- [http-nio-8081-exec-1] o.s.web.servlet.DispatcherServlet        : Completed initialization in 0 ms
2021-03-01 16:21:56.828  INFO 14724 --- [http-nio-8081-exec-1] c.e.d.conteoller.HelloWorldController    : Hello6WorldController-index-用于测试info日志
2021-03-01 16:21:56.828 ERROR 14724 --- [http-nio-8081-exec-1] c.e.d.conteoller.HelloWorldController    : Hello6WorldController-index-用于测试error日志
2021-03-01 16:27:03.686  INFO 14060 --- [restartedMain] com.example.demo.DemoApplication         : Starting DemoApplication using Java 1.8.0_251 on LAPTOP-ID59VAE0 with PID 14060 (D:\demo\target\classes started by 86176 in D:\demo)
2021-03-01 16:27:03.689  INFO 14060 --- [restartedMain] com.example.demo.DemoApplication         : The following profiles are active: dev
2021-03-01 16:27:03.734  INFO 14060 --- [restartedMain] .e.DevToolsPropertyDefaultsPostProcessor : Devtools property defaults active! Set 'spring.devtools.add-properties' to 'false' to disable
2021-03-01 16:27:03.734  INFO 14060 --- [restartedMain] .e.DevToolsPropertyDefaultsPostProcessor : For additional web related logging consider setting the 'logging.level.web' property to 'DEBUG'
2021-03-01 16:27:04.546  INFO 14060 --- [restartedMain] o.s.b.w.embedded.tomcat.TomcatWebServer  : Tomcat initialized with port(s): 8081 (http)
2021-03-01 16:27:04.556  INFO 14060 --- [restartedMain] o.apache.catalina.core.StandardService   : Starting service [Tomcat]
2021-03-01 16:27:04.556  INFO 14060 --- [restartedMain] org.apache.catalina.core.StandardEngine  : Starting Servlet engine: [Apache Tomcat/9.0.43]
2021-03-01 16:27:04.559  INFO 14060 --- [restartedMain] o.a.catalina.core.AprLifecycleListener   : Loaded Apache Tomcat Native library [1.2.25] using APR version [1.7.0].
2021-03-01 16:27:04.559  INFO 14060 --- [restartedMain] o.a.catalina.core.AprLifecycleListener   : APR capabilities: IPv6 [true], sendfile [true], accept filters [false], random [true].
2021-03-01 16:27:04.559  INFO 14060 --- [restartedMain] o.a.catalina.core.AprLifecycleListener   : APR/OpenSSL configuration: useAprConnector [false], useOpenSSL [true]
2021-03-01 16:27:04.573  INFO 14060 --- [restartedMain] o.a.catalina.core.AprLifecycleListener   : OpenSSL successfully initialized [OpenSSL 1.1.1g  21 Apr 2020]
2021-03-01 16:27:04.639  INFO 14060 --- [restartedMain] o.a.c.c.C.[Tomcat].[localhost].[/]       : Initializing Spring embedded WebApplicationContext
2021-03-01 16:27:04.639  INFO 14060 --- [restartedMain] w.s.c.ServletWebServerApplicationContext : Root WebApplicationContext: initialization completed in 905 ms
2021-03-01 16:27:04.804  INFO 14060 --- [restartedMain] o.s.s.concurrent.ThreadPoolTaskExecutor  : Initializing ExecutorService 'applicationTaskExecutor'
2021-03-01 16:27:04.954  INFO 14060 --- [restartedMain] o.s.b.d.a.OptionalLiveReloadServer       : LiveReload server is running on port 35729
2021-03-01 16:27:04.981  INFO 14060 --- [restartedMain] o.s.b.w.embedded.tomcat.TomcatWebServer  : Tomcat started on port(s): 8081 (http) with context path ''
2021-03-01 16:27:04.993  INFO 14060 --- [restartedMain] com.example.demo.DemoApplication         : Started DemoApplication in 1.718 seconds (JVM running for 2.423)
2021-03-01 16:27:21.741  INFO 14060 --- [http-nio-8081-exec-1] o.a.c.c.C.[Tomcat].[localhost].[/]       : Initializing Spring DispatcherServlet 'dispatcherServlet'
2021-03-01 16:27:21.741  INFO 14060 --- [http-nio-8081-exec-1] o.s.web.servlet.DispatcherServlet        : Initializing Servlet 'dispatcherServlet'
2021-03-01 16:27:21.742  INFO 14060 --- [http-nio-8081-exec-1] o.s.web.servlet.DispatcherServlet        : Completed initialization in 1 ms
2021-03-01 16:27:21.758  INFO 14060 --- [http-nio-8081-exec-1] c.e.d.conteoller.HelloWorldController    : Hello6WorldController-index-用于测试info日志
2021-03-01 16:27:21.758 ERROR 14060 --- [http-nio-8081-exec-1] c.e.d.conteoller.HelloWorldController    : Hello6WorldController-index-用于测试error日志
2021-03-01 16:27:26.085  INFO 14060 --- [http-nio-8081-exec-3] c.e.d.conteoller.HelloWorldController    : Hello6WorldController-index-用于测试info日志
2021-03-01 16:27:26.085 ERROR 14060 --- [http-nio-8081-exec-3] c.e.d.conteoller.HelloWorldController    : Hello6WorldController-index-用于测试error日志
